0.28549   0.384905   -0.172613
-0.434545   -0.15643   -0.239854
0.088218   0.396074   0.458182
-0.478256   -0.161851   0.100095
0.246266   -0.369209   0.131449
-0.119546   0.289884   -0.0882587
0.346668   0.146399   0.24628
0.418307   0.35598   -0.304062
-0.326407   0.326911   0.234054
-0.0365972   -0.485265   -0.142691
0.499243   0.417912   -0.147605
0.0326716   -0.190105   -0.340791
-0.37759   -0.415128   -0.0323073
0.169104   -0.0428983   0.0348444
0.338978   0.0224325   0.44955
0.000117494   -0.337883   -0.0188545
-0.063997   -0.415672   -0.402394
0.135349   -0.356941   -0.361524
-0.20075   -0.290948   0.332539
-0.263561   0.160128   -0.457937
-0.444296   0.182936   0.116546
-0.2436   -0.0599183   0.0322943
-0.132293   0.337182   -0.282291
-0.432683   0.411759   0.084589
0.378223   0.34717   0.114474
0.0380326   0.472535   0.0577409
-0.168479   0.144783   0.382106
0.354945   -0.0910266   0.151886
-0.217204   -0.0472102   -0.173756
0.0385073   0.19138   0.00752528
0.135183   -0.145033   -0.16879
-0.34856   0.298159   -0.326912
-0.0886715   -0.378018   0.162392
0.471739   -0.085765   -0.446984
-0.0783358   -0.189614   -0.156628
-0.19918   -0.478148   -0.0050735
-0.236032   -0.443562   -0.213569
-0.124613   0.463695   0.39265
0.100223   0.490927   0.257138
0.246932   0.353065   0.305308
0.44429   -0.287377   -0.346822
-0.182189   -0.249819   0.0200701
-0.498268   -0.490136   -0.394473
-0.318901   -0.193903   0.212523
-0.450156   -0.113173   0.35121
-0.269875   0.338389   0.436975
0.4966   -0.351038   -0.178074
0.339972   0.170094   -0.191923
0.12564   -0.414797   0.455439
0.252456   -0.169778   -0.364197
0.0383804   0.00670945   -0.291007
0.0890186   -0.297182   0.289693
0.40454   -0.27423   0.458065
-0.447058   0.0038371   0.179876
-0.0673242   0.290311   -0.458604
-0.240686   0.466924   -0.407255
-0.0742806   -0.144345   0.234176
-0.246734   -0.0616529   0.34822
-0.480376   0.314497   -0.473171
-0.0504596   -0.0748036   0.0107482
0.411633   -0.45336   -0.0117072
0.45514   0.386811   0.297337
0.0219196   -0.235704   0.479072
0.355115   0.037353   -0.0123091
0.0932766   0.332461   -0.138825
-0.0624617   -0.0129616   0.389025
0.282108   0.0648867   -0.360314
0.0895767   0.21297   -0.312502
0.0906784   0.436279   -0.339499
-0.449985   0.179415   -0.165456
0.180196   -0.41972   -0.116664
-0.416389   0.17018   0.403942
0.107742   0.167862   0.480622
-0.289485   -0.348036   -0.486742
-0.375125   0.0441237   -0.315026
0.324058   -0.442163   -0.280515
-0.243849   -0.265569   -0.284394
0.269157   0.443634   -0.443764
-0.402389   -0.48655   0.412155
0.421204   -0.0235237   -0.220004
-0.36815   -0.204984   -0.0553036
-0.285416   0.113693   0.234634
-0.104523   0.412156   0.163335
0.326342   -0.45107   0.307122
-0.327969   -0.107532   -0.45378
-0.271075   -0.457717   0.254616
0.497157   -0.429619   0.183728
0.154032   0.225717   0.18253
0.26925   0.266574   -0.381153
0.16677   0.0899101   -0.127784
0.219195   -0.176378   0.435048
0.156271   -0.232423   0.0343646
-0.0754235   0.0395466   0.176761
-0.271314   0.15646   -0.0382421
0.328456   -0.235272   -0.139902
0.116776   0.0125366   0.281887
0.228215   0.436435   0.0205705
-0.102813   -0.0798035   -0.41242
0.410878   -0.272444   0.254981
-0.00847735   0.273609   0.303334
0.106461   -0.0288355   -0.475951
-0.118002   0.137019   -0.306553
-0.435625   -0.00249639   -0.0677843
-0.0802692   0.0710281   -0.108383
0.457556   0.151441   -0.355745
0.278129   0.214977   -0.00416558
-0.162579   0.228449   0.13586
-0.3084   0.343886   -0.115205
