0.230615   0.384087   -0.023918
-0.139757   -0.0324896   0.426036
0.44707   -0.305269   0.20698
0.309019   0.101086   0.00493651
0.0292842   -0.117259   -0.05726
-0.135701   -0.379552   -0.0568552
0.177996   -0.048469   0.11561
-0.147675   -0.343086   0.358386
-0.20908   0.148983   -0.222228
-0.0377391   -0.306148   -0.140337
-0.496805   0.203633   -0.368472
0.0764057   -0.215929   0.338968
0.434193   0.469221   0.248484
-0.0830225   -0.140517   -0.304534
0.320561   -0.151879   0.142097
-0.241861   -0.400386   0.106587
-0.43426   -0.214484   -0.441419
0.155906   0.327339   -0.327047
0.0420396   0.158055   0.171104
0.25729   0.201253   0.0368069
0.189802   0.216802   -0.111865
0.200655   0.302395   0.0125725
-0.00923023   0.167318   -0.275979
-0.325057   0.35304   0.121263
0.0918282   -0.172   0.438422
0.0785104   -0.105809   -0.3141
0.168633   0.452767   -0.355183
0.133778   0.152264   0.1652
-0.0768221   -0.174595   -0.135835
0.489873   -0.363682   0.461088
-0.246839   0.481374   0.443366
0.442058   0.0276728   -0.469635
-0.183409   -0.459139   -0.178582
-0.147872   -0.2943   -0.466554
-0.0399009   0.23911   -0.111561
0.470866   -0.0364085   0.38621
0.346812   0.260987   -0.45037
0.17888   0.0595013   -0.0473008
-0.138351   -0.0505864   0.0281797
-0.203501   0.411228   0.489008
0.483991   -0.478767   0.485137
0.00928584   0.373586   0.322651
-0.425951   0.451497   -0.06252
0.473636   0.41011   -0.469801
0.121104   -0.103889   0.0770513
0.123226   0.197875   -0.427514
0.399729   0.050658   -0.369463
-0.4823   -0.387656   -0.077568
0.307404   -0.288343   0.491102
-0.467497   0.217583   0.487732
-0.151753   0.494297   0.200345
-0.0614546   0.361684   -0.398382
-0.331292   0.0897628   0.484213
0.238169   -0.450311   -0.393318
-0.0806366   0.217417   0.156443
0.399471   -0.210111   0.152153
-0.152808   0.438098   -0.145347
0.464377   0.494257   0.336227
0.303767   0.340415   0.250425
-0.40545   0.317574   -0.323192
-0.273371   0.047571   0.0854308
-0.271458   0.446559   -0.18508
0.369443   -0.348866   0.134005
-0.249179   -0.376581   0.186875
0.0674805   -0.0225842   0.00897473
-0.235567   -0.448416   -0.300335
-0.0145086   -0.047212   0.472082
0.187866   -0.352889   -0.0495798
0.199187   -0.110712   0.0360312
0.42466   -0.281368   -0.0235614
0.249415   0.330864   -0.394007
0.0324904   0.484895   -0.278758
0.462658   0.164699   0.1988
-0.2443   -0.371559   0.0170389
0.335278   -0.339121   -0.0322342
0.0104909   0.365505   -0.360544
0.0200435   0.127418   0.0698987
-0.284413   -0.0706493   -0.226973
-0.469374   -0.124338   0.324172
0.160041   -0.126566   0.163511
0.286735   0.212581   -0.236671
0.135226   0.329974   0.0653291
0.00881972   0.351301   -0.28558
0.103863   -0.120295   -0.192561
-0.434279   0.441835   0.268698
0.273455   0.328714   -0.209527
0.0706371   0.0527475   0.100875
0.290169   0.180548   -0.350738
0.158852   -0.0836194   -0.330011
-0.291878   -0.275036   0.276664
-0.151227   -0.0294382   0.211021
-0.177352   -0.00382064   0.489303
-0.425075   0.282923   0.137724
-0.139291   -0.169109   0.217469
-0.311651   -0.0959031   0.115612
0.0648939   0.174118   -0.205097
-0.225176   -0.181647   0.282537
-0.203929   0.452576   -0.225704
-0.163848   0.336948   0.175165
0.203426   0.0337747   -0.33527
-0.493411   0.436456   -0.401582
0.34957   -0.16135   -0.0573245
-0.153456   0.0101982   0.132025
-0.399363   -0.363502   -0.486914
0.435198   -0.385847   0.16478
-0.277962   0.0558411   -0.152087
-0.482358   -0.464477   -0.161062
-0.267673   0.364993   -0.471463
