0.0562417   -0.130488   -0.0140564
0.224839   0.142162   0.333659
-2.03976   0.502376   -0.479819
0.95344   0.885793   1.21845
0.633807   -0.237442   -0.0708814
1.20843   0.230309   -0.229836
-1.67629   0.52709   0.0839728
0.48975   0.486819   -0.709343
-0.940335   -1.12485   -0.916128
0.667149   -1.95642   -0.787222
-0.423234   0.794259   1.6771
-0.330783   -1.09956   -1.08106
0.591253   -0.89955   -0.682171
-0.42992   2.74761   0.742802
1.66678   -0.916748   -0.697899
0.552597   -0.0345344   0.00900682
-0.548799   0.0221265   0.365521
1.40288   0.300102   0.0168105
0.395948   -0.995219   -1.26254
0.479411   -0.104259   -0.559094
-0.576748   -0.293298   0.202217
-0.368072   -0.117391   0.45627
-0.0584463   1.90059   -0.51824
-0.152204   -0.13879   -1.08435
1.53286   1.00441   -1.01891
0.74178   -2.04601   0.417325
-0.560291   -1.35132   1.5198
-0.616735   -0.233774   2.29944
-0.835578   1.31494   0.654635
-0.164995   -0.521089   -0.871137
-0.0993007   -0.380598   1.60939
0.588784   -0.152537   0.405268
-1.34356   -0.418377   -0.307766
0.193148   1.83187   0.826883
0.309526   0.945184   1.29078
-0.809286   2.86508   -0.298589
-0.23681   -0.680105   0.419969
-1.6714   -0.325079   -0.206576
-0.66183   2.31719   -1.19532
2.76338   2.21398   -0.541293
0.284439   0.817107   -1.08218
-0.835054   0.211815   1.0085
-1.55149   0.148237   -0.147113
-0.0436161   0.021429   0.593722
-0.212192   1.69622   -0.991819
-0.124143   -0.02671   -2.35302
-0.100434   -0.827852   -0.478469
-0.591254   -0.794091   1.53779
-0.586166   -2.8033   -0.945491
0.0590845   1.97957   -0.0554816
-1.16477   -0.216628   0.643851
1.89956   1.24329   0.671332
-0.650723   -0.738246   1.11329
1.1615   -0.124557   -0.522917
1.21307   -1.20083   0.0908313
-0.932949   -2.6556   1.35617
-0.855035   0.053825   0.396867
0.0482434   0.63508   -1.6599
-1.09723   1.00841   1.16958
-0.348727   0.2374   1.45265
0.327982   -0.714853   -0.573704
0.553675   0.618759   -0.48275
0.360399   0.772169   -1.29463
-0.360125   0.64158   -0.974743
1.04994   1.27481   1.05549
-0.584657   1.18519   0.608163
-0.33269   0.068924   2.13622
-0.55415   -2.97632   -0.0325857
-0.201089   -0.372899   -0.37449
-0.411783   0.978605   0.646761
-0.437355   1.1479   -1.6369
0.802139   -0.0688272   -0.413555
-0.149312   -0.552109   -1.16471
-0.745266   -0.469752   -0.107748
0.43381   1.00326   2.43383
-0.214476   1.10575   0.878058
1.17187   -0.77149   -0.201717
0.466191   0.950406   0.706992
-0.104462   -0.563624   -0.477174
0.167249   0.0400765   -0.866471
1.04312   -0.658846   0.351891
-0.744102   -0.501018   -1.20396
-0.417156   -1.05758   0.260376
0.81693   -0.237697   0.149022
0.253143   -1.22954   1.69061
-0.581098   -1.72956   -1.52181
-0.00209775   0.117856   0.0139007
-1.27719   -2.46641   -0.954781
0.761591   0.340146   -0.377827
0.781316   -0.215666   0.962931
-0.418251   -0.0795829   -1.17353
-0.924342   -0.198429   0.255825
0.178571   1.88315   -1.07801
-1.25584   -0.558674   -2.19504
1.45034   0.823899   -2.68659
-0.736987   -0.834902   2.25027
-0.0571664   1.3831   1.3014
0.171537   -0.395201   0.13726
-1.91971   -1.98689   -0.431167
1.28359   0.252386   0.20466
1.22647   -1.84786   0.304509
0.782369   -0.857026   -1.9937
0.54647   0.293082   0.781276
-0.881231   -0.0490751   0.149258
0.677424   -0.357274   -0.516657
0.103443   -0.184412   0.469776
0.487462   -0.0741311   0.898007
0.933752   1.58959   1.2725
