-0.49501   -0.499786   -0.491866
-0.329022   -0.334088   -0.494791
-0.498912   -0.334422   -0.330214
-0.329382   -0.496241   -0.331982
-0.16575   -0.499049   -0.490625
0.00727908   -0.335968   0.491214
-0.168866   -0.335571   -0.33442
-0.00293674   -0.499084   -0.332526
0.168016   0.499217   0.496634
0.32734   -0.346008   0.499162
0.172244   -0.337265   -0.337795
0.334451   0.489274   -0.333912
0.497652   -0.168689   -0.492885
-0.341938   -0.00792735   -0.498611
0.492751   0.00701266   -0.341231
-0.332018   -0.159224   -0.331165
-0.16108   -0.160846   -0.496555
0.00266688   0.00484488   0.490271
-0.171192   -9.30453e-05   -0.318817
0.00910377   -0.164592   -0.334625
0.172096   -0.161737   -0.496545
0.328854   0.00746876   0.492885
0.167262   0.00535577   -0.332683
0.335769   -0.167657   -0.336132
0.492406   0.169212   -0.49899
-0.332676   0.326939   -0.49721
-0.496189   0.333475   -0.32823
-0.335164   0.167891   -0.33124
-0.179622   0.145479   0.494094
-0.00796473   0.335297   -0.486397
-0.168114   0.325633   -0.321423
-0.00792666   0.167973   -0.332174
0.163716   0.170286   -0.49516
0.333117   0.336696   -0.496425
0.158988   0.33283   -0.333586
0.332076   0.170211   -0.330885
-0.499359   0.497865   -0.168106
-0.332072   -0.346478   -0.164369
-0.49375   -0.340582   -0.00777037
-0.331267   0.492166   -0.00110536
-0.160467   -0.496289   -0.168789
0.00765145   -0.326477   -0.171502
-0.169   -0.328171   -0.00441319
0.00104722   -0.490029   -0.00483867
0.164625   0.49807   -0.174123
0.333016   -0.333017   -0.167159
0.173501   -0.3443   -0.0121492
0.345187   -0.488236   -0.00781849
-0.498714   -0.165746   -0.173871
-0.336648   -0.00127068   -0.158197
0.497083   -0.00461026   0.00167006
-0.333348   -0.171852   0.00391484
-0.176709   -0.17093   -0.17487
0.00672167   0.00214312   -0.164142
-0.169439   -0.0046641   0.00455897
-0.00945213   -0.165359   -0.000951429
0.169053   -0.157112   -0.167419
0.337175   -0.00521212   -0.159132
0.159197   0.00359826   0.00189193
0.339212   -0.16617   -0.0024759
-0.495341   0.160741   -0.161693
-0.33132   0.335596   -0.165625
0.497467   0.337442   -0.00391927
-0.340877   0.155749   0.00316971
-0.16409   0.16729   -0.148636
0.00176252   0.342973   -0.16968
-0.15906   0.341718   0.00730599
0.00135055   0.175322   0.00387432
0.155739   0.172946   -0.173299
0.331495   0.333052   -0.164404
0.166331   0.337251   -0.00258667
0.328802   0.160266   -0.00591246
-0.496313   0.496582   0.170449
-0.344425   -0.342456   0.165885
-0.497516   -0.336822   0.347001
-0.333684   0.494866   0.331326
-0.161032   -0.493961   0.163785
-0.00239035   -0.32851   0.175138
-0.169746   -0.33615   0.335209
0.00561543   -0.498566   0.33145
0.167298   -0.494988   0.15681
0.337287   -0.34132   0.167829
0.169687   -0.329222   0.323783
0.334788   -0.498202   0.332399
0.49951   -0.166301   0.168516
-0.338826   -0.00783884   0.160728
-0.499014   0.0014614   0.322414
-0.332933   -0.170445   0.335592
-0.175135   -0.171274   0.166359
-0.00930121   -0.00140842   0.169432
-0.173811   -0.00808665   0.332093
0.00786743   -0.166159   0.336235
0.179047   -0.178587   0.157812
0.330989   0.0103129   0.165683
0.168334   0.00200531   0.326029
0.331838   -0.167608   0.337226
-0.497085   0.177626   0.167286
-0.327736   0.321029   0.156831
-0.498927   0.336548   0.328208
-0.336974   0.156342   0.338917
-0.16975   0.164913   0.17353
0.00447787   0.337881   0.16667
-0.155044   0.34493   0.32617
0.00261808   0.172846   0.335981
0.163061   0.170046   0.166781
0.333988   0.342334   0.161386
0.166623   0.335472   0.333954
0.329084   0.17818   0.33252
