0.0141323   0.0214192   -0.0345791
0.640241   0.425974   0.329526
0.191202   -0.705766   -0.674528
0.107193   -0.549533   -0.295153
0.119869   0.819091   0.327969
0.318564   -0.555891   0.398717
0.468398   -0.60669   -0.004179
-0.640596   -0.478448   0.318823
0.21628   0.0941611   -1.07825
-0.036738   -0.377535   -0.498085
0.277077   0.114992   -0.0203373
0.232424   -0.127227   0.270998
-0.248204   0.373819   0.124617
-0.505316   -0.0823315   -0.575319
0.156043   -0.217218   0.939137
-0.301394   -0.221704   -0.565978
-0.526529   -0.131746   -0.0284375
0.16311   -0.864279   0.279251
0.237278   0.332282   0.261553
-1.38515   -0.266916   0.0535438
-0.00761382   -0.209196   -0.16613
-0.457399   0.303961   -0.325869
-0.00280463   -0.497439   0.393858
0.12022   0.0919097   -0.193045
-0.194122   -0.147638   0.361379
-0.807054   -0.426385   0.36007
-0.109333   -0.577463   -0.0691631
0.166039   -0.310451   0.215553
-0.272558   0.108247   0.216633
0.095355   0.810825   -0.26006
-0.71266   0.0562769   -0.281435
0.460591   -0.0765542   -0.400775
0.38054   0.0900114   -0.134571
0.0326996   0.264208   0.0251248
-0.0201429   0.479247   0.680705
0.253787   0.0172834   -0.0722658
1.02081   -0.226057   0.560218
-0.445691   0.00902228   -0.0614485
0.56093   -0.457871   0.0437015
0.531895   -0.208315   0.0526141
0.0321077   0.0532831   -0.0465807
0.415535   0.290517   0.295802
0.105727   -0.258528   0.579996
0.460312   0.711701   0.137366
0.107785   -0.171845   0.0994065
-0.326388   -0.384265   -0.150903
-0.0577212   0.280758   0.35844
0.0723605   0.238369   0.343634
0.145107   0.0394855   -0.169569
-0.139144   -0.475078   -0.654012
-0.152486   -1.1448   -0.667771
0.0200424   1.25091   -0.265709
-0.28638   -0.0875724   0.304598
0.258115   -0.522037   -0.996072
-1.11057   1.08008   -0.606171
-0.193521   0.287198   -0.0568108
0.136349   -0.36285   -0.261115
-0.257678   -0.411066   -0.436452
-0.0699328   0.188719   0.0713715
-0.0267666   -0.699811   0.363553
-0.6375   0.169042   -0.0686278
0.321585   0.82859   -0.0333054
-0.561713   -0.0717456   0.633367
0.609887   0.715482   0.0271837
-0.70265   0.296296   -0.0583154
-0.496387   0.10792   0.533181
0.136471   -0.614124   0.00659226
0.202285   0.760201   -0.17316
-0.529509   0.427261   0.374329
-0.338909   -0.0537302   0.529854
0.232013   0.281254   0.427712
0.120453   0.277425   0.352176
0.0594828   -0.305694   0.312976
-0.554869   -0.340793   0.819781
-0.297308   0.203209   -0.289916
0.118852   0.236546   0.450513
0.0181536   0.296883   0.252499
-0.0640094   0.0983399   -0.343325
-0.219587   0.213484   0.137751
-0.17671   0.116954   -0.260177
0.237014   0.394887   0.288898
0.0282014   0.276597   0.119236
0.440625   -0.0915871   -0.215952
-0.540491   -0.316654   -0.0869476
0.555535   0.0702582   -0.0634695
0.283739   0.129726   -0.126602
0.0396956   0.430701   0.308427
0.639963   0.48538   -0.0271176
0.176564   -0.00957248   -0.600773
0.426087   0.123088   -0.0774097
0.487689   0.912716   -0.474427
0.267709   -0.386993   -1.20141
-0.574822   0.0130001   0.0940405
0.445551   -0.0289342   -0.0322824
0.182184   0.027815   0.267901
0.14166   -0.466745   -0.525673
0.153941   -0.55192   -0.163108
-0.555224   -0.420092   -0.272178
0.124258   0.638335   0.399943
-0.283466   -0.0368489   -0.183674
0.73176   -0.650247   -0.513797
0.595359   0.283145   0.151899
-0.168379   0.116629   0.272896
-0.499971   0.377701   0.11592
0.486336   -0.611585   -0.618434
0.152797   0.363302   0.392407
-0.0881107   -0.586309   0.700023
-0.350461   -0.121844   -0.276809
