0.357629   -0.486753   -0.194467
-0.423987   0.373758   -0.167906
0.473216   -0.49516   0.430678
-0.144311   0.42164   -0.424832
0.0396103   0.224444   -0.479412
-0.130618   0.329509   0.353182
-0.292675   0.0751972   0.245026
-0.300488   0.43168   0.320278
0.403941   -0.18839   -0.00670178
-0.0886666   0.0835388   0.0512063
0.302092   0.0583109   -0.0923415
0.355949   -0.473647   -0.3127
-0.357443   0.343433   -0.201967
-0.271621   -0.492785   0.376482
0.375468   0.206982   -0.347333
-0.0300191   -0.410464   -0.12961
-0.32562   0.231737   0.135057
0.397709   -0.345629   0.494901
0.1724   0.0980778   -0.11626
0.00649895   -0.191627   0.264771
-0.0344205   0.00506863   0.157232
-0.125059   -0.402519   0.256626
0.485777   -0.357962   -0.465574
0.0700488   -0.0325981   0.26258
0.370053   -0.00303794   -0.0983506
0.0981497   -0.100923   -0.226687
-0.344687   0.109302   -0.21874
0.428189   -0.159656   -0.131713
0.429404   -0.0848513   -0.033128
0.184468   0.361262   0.362356
0.4992   0.260908   -0.113962
0.0381438   0.00601825   0.423559
-0.00138989   -0.212331   0.176515
0.310819   0.437592   0.106805
0.210059   -0.36048   0.415572
-0.498148   0.443967   -0.263811
-0.341094   -0.00614238   -0.251009
0.356462   0.287241   -0.0959164
-0.435536   -0.0416867   -0.265556
-0.223066   0.0575522   -0.0656617
-0.452742   -0.490262   -0.283007
0.350271   0.391694   -0.097518
0.0785459   -0.0476006   -0.429284
-0.377939   -0.132676   0.157378
-0.00648998   -0.104818   -0.383082
0.0596032   -0.204029   -0.335328
0.302563   -0.208165   0.452279
-0.436392   -0.393317   0.24191
-0.178706   0.279192   0.303306
-0.429068   -0.0866092   0.332329
0.297827   0.402972   0.0309481
0.0129466   0.042878   0.310814
-0.329733   -0.229216   0.394765
-0.336485   -0.133835   -0.311159
-0.0379954   0.379011   0.0528489
0.182011   -0.0668879   0.297057
-0.264833   0.49891   0.49086
0.106088   -0.258435   -0.0663757
0.0436099   0.137528   0.0396672
0.281946   -0.442469   0.473964
0.176848   0.165776   0.12499
0.112219   -0.193553   -0.487512
0.449346   -0.114428   -0.19262
0.0120146   0.0266088   -0.150891
-0.222396   -0.0494936   -0.0892956
-0.382489   -0.402216   0.456874
-0.335159   0.297259   -0.335173
-0.0808788   -0.287857   -0.430435
-0.424554   -0.467154   0.383928
-0.201757   -0.247127   0.227185
0.127105   0.491454   -0.31447
-0.212292   -0.0299836   0.208435
0.44668   0.366236   -0.246837
0.00477153   0.194301   -0.394783
0.148925   -0.309324   0.463508
-0.35589   -0.0985221   -0.131939
-0.203614   -0.156636   -0.0579948
0.142093   0.0366099   -0.192634
0.0577222   0.499715   -0.158371
0.470516   0.108064   -0.0825317
0.180008   -0.051552   -0.472392
0.474564   0.0545225   -0.408002
-0.171122   0.167462   0.21106
0.298823   -0.0512403   -0.11558
0.0422948   -0.170478   0.107058
-0.118746   -0.35599   -0.409578
0.252152   0.483332   0.289016
-0.137472   0.0239197   0.248416
0.434804   -0.0559183   0.142879
0.0240572   0.0936376   0.374519
-0.0580241   -0.0123576   -0.111791
-0.219561   0.0554798   0.156782
-0.154167   0.305591   -0.293226
-0.00106089   0.138836   0.11996
0.358953   -0.478424   0.154434
0.414566   0.293343   -0.285844
-0.0310955   -0.347941   -0.074958
0.0772282   0.124292   0.17298
-0.474615   -0.466273   0.196244
0.0991954   0.429623   -0.38655
0.100103   0.281869   -0.161805
0.348955   0.0127185   -0.375544
-0.292052   -0.450449   0.159802
-0.0973679   0.431111   -0.33852
-0.1018   0.487444   -0.145184
-0.192954   0.452549   -0.483215
0.496248   0.0466476   0.0262378
-0.142586   0.394073   0.301815
