-0.840239   0.033044   -0.715327
0.715573   -2.09328   0.367643
-0.896006   1.58872   -1.6552
0.894116   0.160599   0.771004
-1.05314   2.21702   -1.06487
-1.24202   -1.89159   1.2244
-1.46482   -2.01955   0.0755686
0.870814   1.67521   -0.74896
2.64672   -1.27582   0.319155
0.440874   1.38096   0.711298
0.19325   -0.801703   2.00674
-0.613682   1.47799   2.00703
1.26208   -0.673091   1.9373
1.59709   -0.463996   -0.81242
-1.16978   1.49017   -0.191215
0.638011   1.20013   -0.974645
-1.9696   0.0595986   1.2504
-0.697176   -0.512321   -1.62611
-0.912257   -0.66992   0.244811
-0.973664   -2.07485   -2.32028
0.169061   -0.829203   0.669601
-2.24801   -3.46569   -0.507969
1.16183   -0.662266   -1.88612
-0.854588   1.19311   -0.470417
0.884066   0.137215   -2.19139
-0.473103   0.872578   3.55198
-0.230311   0.621552   1.13828
0.0806082   0.365137   0.573371
-0.222504   0.458154   -0.104595
0.530756   -0.847863   -1.57021
-0.823859   0.86041   2.02357
1.13555   1.88673   -1.40761
-0.495604   0.924534   1.70655
-0.735634   -1.39555   -0.642847
0.703317   -0.110393   -0.875442
0.392212   0.285702   0.763548
0.802952   0.195184   -1.80155
-2.19801   -0.606105   0.855545
-0.150592   0.596042   -0.00361951
1.25128   0.932219   2.5715
-0.758557   -2.1272   0.0648774
-0.787747   2.38223   -1.80467
0.0393835   -1.51195   1.15106
-1.08738   -0.854307   0.0590015
0.394229   3.09687   1.33743
1.39367   -0.661167   -1.10281
0.517809   -1.03497   1.064
3.29715   1.11415   2.15802
-0.0972612   0.527836   0.449987
-0.358583   0.903839   -2.46955
0.046618   -3.06931   -1.20052
1.4539   0.029681   -0.38981
1.57798   -0.782549   1.42316
0.749551   -2.29207   -1.2343
2.07321   -0.61273   1.14949
1.43011   1.664   0.376073
-0.937253   -1.44733   -0.229217
2.11039   -0.880111   0.238738
-0.0105788   0.594212   -1.10864
-1.14332   -0.196015   1.78225
-1.371   0.691495   0.300728
-1.97094   -0.155806   0.390258
-0.412729   -1.22971   -1.63168
-0.295353   -0.550607   0.103086
-0.938283   -0.759674   0.899135
0.423829   -1.20382   -0.0466556
2.07112   0.61634   0.297819
-0.209188   -1.05277   1.20686
0.589871   -2.0096   0.942335
-0.771699   1.99184   -1.79231
0.913964   0.174665   -0.742299
-1.05063   -0.747875   -1.06893
-0.214322   0.318138   -1.77511
0.520187   -0.147021   -1.59425
-0.182737   -0.0766632   -0.872364
-0.348806   1.76009   -0.709107
-1.18338   1.77868   -0.523007
0.289941   1.29759   -2.01391
-0.983795   1.40883   0.0644199
1.10845   0.0903322   0.417954
-0.152157   -0.709837   0.722799
-1.92632   1.00217   0.605965
-0.615771   -0.646091   0.073178
-0.916282   0.605971   1.48861
2.57408   0.741286   -1.11237
0.665678   0.297336   1.0601
-0.888793   -1.38778   -0.83704
0.0836097   -0.614625   0.129656
0.305599   2.26244   -0.0527974
0.0423935   -2.14995   0.144629
1.7232   1.43409   0.12524
0.199457   -1.37444   -0.452737
1.17537   0.0191258   -0.228621
-3.98772   0.945271   -0.111157
1.24169   1.74396   0.541191
1.07577   -0.99551   1.03973
-0.958937   -0.488941   1.18467
-0.383277   0.250282   0.70037
-0.0510674   0.325063   1.32694
-0.288704   0.637446   -0.267752
-0.818382   -1.48009   -1.45413
-0.751701   -0.0397572   0.660249
-0.693207   0.171129   -0.111776
-1.27904   -0.463831   -0.77142
0.37131   1.68548   -0.959216
2.02762   0.626592   -0.945582
0.045618   2.25842   0.0110298
0.186586   -1.91158   0.724213
