0.287642   0.230978   0.438163
-0.064938   -0.112138   0.363589
-0.292952   -0.470704   -0.321104
0.349139   0.288429   0.481561
-0.250174   -0.31019   -0.274418
-0.0277575   -0.0919123   0.493448
0.145656   -0.135276   -0.327019
-0.0524992   -0.426305   0.285105
-0.477882   0.359798   0.0642142
0.129167   0.340902   0.491407
-0.266056   -0.203056   -0.316945
0.0746148   0.486249   0.0441836
-0.3336   0.387347   0.145581
0.0612927   -0.430746   0.16238
-0.307666   0.0619916   0.225077
-0.0459278   0.395973   0.226814
-0.189083   0.438882   0.104956
-0.404634   -0.177151   -0.447289
-0.201522   -0.470374   0.00775949
-0.100389   -0.0791192   -0.141036
-0.416552   0.480594   -0.0709245
0.415139   -0.24742   -0.0140969
-0.137324   -0.389402   0.0609807
-0.232689   -0.309781   0.193605
0.476539   -0.491217   -0.391205
0.0972739   0.0138478   0.228934
-0.223531   0.212609   -0.26998
0.360565   0.466219   -0.479961
0.377627   0.15557   -0.1886
-0.115336   -0.14438   0.220484
0.0502616   -0.260284   -0.349542
0.280091   -0.0239364   0.245662
0.33236   -0.00907727   0.318408
0.253324   -0.178285   -0.492147
-0.343481   -0.043104   -0.230078
0.108479   -0.490719   0.12077
0.382465   0.409841   -0.289262
-0.454419   -0.111324   0.32608
-0.368506   0.140297   0.155598
-0.24135   -0.16817   -0.063897
0.241108   0.0338864   -0.422667
-0.0420033   0.0218195   0.258021
0.306847   -0.373675   0.299855
0.432937   0.16106   -0.474887
-0.354252   -0.374059   0.22581
-0.428844   -0.19602   -0.254216
-0.28336   -0.298543   -0.353327
0.305696   -0.111166   0.33384
0.320422   -0.401714   0.0968041
0.0127604   -0.0119265   0.324631
0.209848   -0.165486   0.404759
-0.211369   0.260701   0.0539627
-0.173961   -0.479102   -0.223644
-0.25292   0.331533   -0.351382
-0.0264367   -0.356154   0.476879
-0.399947   0.0489397   0.180936
-0.174249   0.209771   -0.00594386
-0.245595   -0.399589   -0.251445
0.0613483   -0.322015   -0.0591956
-0.447466   0.276954   0.394095
0.184192   -0.34772   -0.316469
0.117661   0.18173   0.302245
0.268336   -0.440454   -0.299523
-0.357532   0.18154   0.259396
0.0337773   -0.131927   0.10532
0.24208   0.0162161   0.434638
0.0793961   0.433052   -0.232643
0.481648   0.347788   0.280948
0.288292   -0.225262   0.363122
0.254946   -0.441904   0.00562711
-0.164615   0.0205938   0.00994347
0.0132342   0.152783   0.252232
0.26711   0.0758526   0.225514
0.115513   0.222634   0.192149
-0.237128   -0.0389592   0.0524619
-0.426972   -0.0934354   -0.123346
0.372566   -0.126596   0.0993239
0.140752   -0.0282642   0.173327
-0.121593   0.034394   0.163408
0.340568   -0.467662   -0.146566
0.487446   -0.142957   0.429591
0.370111   -0.218453   0.273621
-0.33482   -0.477404   -0.125592
-0.39113   0.0666706   0.0942629
-0.0967181   -0.288121   -0.106436
-0.423245   0.161385   0.301146
-0.259214   -0.320675   0.45428
-0.38749   0.214992   -0.294965
-0.440903   -0.485077   -0.277723
-0.374314   -0.332923   -0.357492
0.024731   -0.113977   -0.183333
0.214161   -0.00556835   0.0534313
0.179172   -0.395344   -0.0851404
0.0689721   -0.349871   -0.354177
-0.433826   -0.213614   0.476633
-0.184997   -0.294171   -0.473258
-0.0307998   0.311569   0.31636
-0.495716   -0.389889   -0.461878
-0.387061   0.388671   -0.0304904
0.142557   0.0960509   0.221716
0.309074   0.182415   -0.228374
0.438663   0.206377   0.240247
0.399593   0.236255   -0.356445
-0.371645   -0.457687   -0.367886
-0.0692448   0.247178   -0.0188051
-0.317806   -0.285819   -0.483064
0.486503   0.135051   -0.172789
-0.322666   0.199447   -0.434672
