0.474032   -0.351142   -0.307711
-0.386444   -0.351836   -0.222387
-0.138895   -0.344395   -0.0834835
0.1143   -0.354534   -0.0765273
0.286589   0.0138041   -0.487627
0.421306   -0.139897   0.260338
-0.149623   -0.0976695   0.459633
0.485815   0.244173   -0.382257
0.141185   0.391112   0.376555
0.376831   0.00258512   0.277605
0.276489   0.0819884   0.125375
0.181612   -0.00540988   -0.0273025
-0.377623   -0.153476   -0.0654524
0.230128   0.256488   -0.475545
-0.197267   0.335617   0.291019
0.288361   -0.128658   -0.260088
0.0315704   -0.204421   0.187012
-0.160261   -0.113286   -0.153805
0.135393   0.277592   0.174747
0.152384   -0.410431   0.235767
-0.467381   0.493222   0.374803
-0.313169   0.172578   -0.48812
-0.430933   -0.236348   -0.0520798
-0.392185   -0.196927   0.362824
0.298298   -0.0595545   0.477296
-0.130034   -0.182024   -0.488427
-0.274714   -0.281127   0.143898
0.168084   -0.0612842   -0.375492
0.251903   -0.00393651   0.340601
0.389073   0.380201   -0.131203
-0.319742   0.268131   -0.149453
0.267096   -0.450583   -0.00869248
-0.126259   0.291037   0.160895
-0.169773   -0.0456038   -0.0994627
-0.35155   -0.198601   0.102285
-0.37261   0.0617786   -0.473272
-0.370245   0.406003   0.345209
0.133066   -0.418565   -0.0311128
-0.464207   0.0311497   -0.105232
0.238837   0.369296   0.0467445
-0.0383573   0.0510229   0.0782649
-0.221039   0.247838   -0.0657693
-0.360169   -0.303953   -0.455892
0.244173   -0.251828   0.431816
0.247728   0.34062   -0.494622
-0.207948   -0.476332   0.300346
0.101829   0.118171   -0.25969
0.359765   0.437825   0.0129441
-0.037264   -0.452754   0.349637
0.2953   0.161892   0.257459
0.0945623   -0.0428881   0.0794347
0.437455   -0.232598   -0.40771
0.135941   0.0957923   -0.389248
0.126415   0.343607   -0.336335
0.443057   -0.308157   -0.490589
-0.297358   0.165719   -0.41096
-0.311592   0.45337   -0.267867
0.307698   -0.388627   0.45495
-0.179079   -0.0663124   -0.366899
0.0155869   0.370979   0.261167
-0.468631   -0.361209   0.458062
-0.140498   0.334377   -0.336148
0.305583   -0.244864   0.335871
-0.10841   -0.486   0.305878
-0.115815   0.256346   -0.00802387
-0.0957161   0.24101   0.0827981
-0.368254   0.00207605   0.0947304
-0.480475   -0.13996   0.291646
0.317599   -0.105849   0.271501
-0.348739   0.413538   -0.190544
0.172289   0.30363   -0.400476
0.257201   -0.197062   -0.470081
-0.20801   0.494157   0.166519
-0.414009   -0.293799   0.076562
-0.220872   0.00440033   0.365463
-0.382996   0.0590119   -0.190273
0.208965   0.332169   -0.323093
0.251533   0.0337018   0.205555
-0.0774996   0.366316   -0.393165
-0.308078   0.243853   0.308465
0.332131   -0.227826   -0.396701
-0.374832   0.21891   0.362174
-0.411195   -0.125795   0.424069
-0.171558   0.0725932   -0.0866312
-0.0922618   -0.249319   0.44811
0.293729   -0.00540265   -0.0001834
-0.348895   -0.00139466   0.356449
0.303327   -0.393507   -0.261181
0.424879   -0.204343   0.445032
0.390569   -0.20499   0.319264
0.327138   -0.31277   -0.401512
-0.147532   0.018754   0.00278533
0.0901406   0.322885   -0.410469
-0.274303   -0.305043   0.331736
-0.0282014   0.26983   0.310867
0.466824   -0.332901   0.254323
-0.0812866   0.160668   -0.499102
0.330956   -0.138611   -0.454108
-0.289138   0.106633   0.121457
-0.340206   0.475566   0.377722
0.250483   -0.0705019   -0.437189
-0.125488   -0.0379962   0.0818079
-0.0767206   -0.0924329   0.274081
-0.331306   -0.25769   0.368709
0.374004   -0.174603   -0.337115
-0.206779   0.308341   -0.135196
-0.237578   0.426346   0.333147
0.271799   -0.051676   -0.121909
