1.61929   -1.32027   -1.45043
-0.517136   0.0488443   0.139727
-1.04251   -1.46234   -0.187149
1.06427   -0.918375   -1.19561
-0.898049   2.72389   0.172294
-0.278898   -1.97933   -0.796648
-0.351522   0.109628   0.166227
1.4132   -0.00318648   -0.382386
0.398671   -0.491832   -0.685499
0.317349   -0.641183   0.308186
0.599376   1.26706   -1.11507
1.85321   0.18645   -1.66977
-1.75504   -1.35466   0.335919
2.02995   2.0685   0.12
-0.0728487   1.35055   1.54303
-2.82604   0.319125   1.54488
-0.79603   1.85608   0.375434
0.114714   0.79748   1.84998
0.276999   -1.9742   0.923226
0.291284   -0.514718   -1.57965
0.514025   0.087354   0.446157
-1.65571   -0.991636   -1.58887
1.27481   1.06327   -0.00534662
0.161915   0.633402   1.31088
1.51193   -0.192024   1.62277
-0.0958058   1.06982   -0.403295
0.675886   1.02198   0.809119
-0.536816   0.996428   -0.877317
-0.93571   -1.71879   1.09045
-0.0446502   -0.884767   0.0712018
-0.161894   0.517128   -0.190819
-0.626736   -0.398986   -0.353254
-0.474163   -1.24523   -0.586978
-1.65683   1.20909   1.6433
-0.0599751   2.45122   0.93182
-1.78905   0.204404   -0.797233
0.895552   -0.350608   1.49086
0.570086   -1.78625   0.764657
1.01369   0.381267   0.17318
-1.26007   0.995718   0.126125
0.0712112   1.75702   -1.38018
1.44747   0.827275   -0.0510545
-1.40963   -0.360496   0.296456
-0.967563   1.15532   0.360213
-1.2903   -3.05289   -1.52277
-0.835058   -0.618702   -1.5522
1.58897   -0.116582   1.66732
0.545264   -2.32054   -1.61276
-0.573781   -0.622638   0.335226
0.638037   -0.599954   0.684496
0.96518   -0.423496   0.272939
1.29638   0.609634   0.468709
-0.646303   1.09565   -0.168977
0.509996   -0.550393   -0.36681
0.413113   -1.22216   0.328505
1.33193   -0.737469   -1.3968
-0.446647   0.185739   -2.38457
-1.92108   2.26589   -2.27668
0.258202   -0.169668   -0.29076
0.938424   -0.205555   -0.801718
-2.59029   -0.152378   0.848963
-0.521411   -0.279353   1.73793
1.69824   0.320835   0.554221
-0.141488   2.0315   0.748267
-0.169294   0.568714   1.47046
-0.416552   -0.973257   -1.70255
0.445028   1.18036   0.527325
1.33041   -1.14716   0.36087
-8.76578e-05   1.16539   0.487716
0.719502   0.218763   1.44659
1.40096   -0.853842   -0.706442
-0.27546   0.948144   -0.0737383
-0.243881   0.955859   -0.335221
-0.0968366   2.0336   0.328223
-0.266265   -0.573952   -0.909257
1.52428   0.0456836   3.30024
-0.806917   0.0190485   0.291032
1.32118   -2.18766   -0.129203
-0.569525   0.357707   1.13705
0.64876   -1.40342   -0.774425
0.930098   -0.151254   0.22049
-1.32784   1.38998   -1.33491
-0.386257   0.636935   -1.46358
0.27856   -0.306426   0.149016
-0.867655   1.04886   0.494058
-0.385419   -1.76762   0.26602
0.545429   0.884007   -1.14761
-0.607678   -1.09767   0.957572
-1.40679   -1.69294   -0.23027
1.1435   -1.01796   0.201794
-0.0329543   0.480331   0.42512
-2.37332   -0.692322   1.12571
0.394448   -0.0476507   -1.26913
-1.95622   0.10326   -0.144281
0.0298891   1.10411   0.89213
0.463602   1.74608   -0.334515
-0.183719   -0.852484   -2.08636
-0.48586   1.29036   -1.51975
1.27464   -1.37017   -0.455622
0.182781   0.439457   -1.13056
0.550772   0.261658   -0.279698
0.204093   0.778149   0.651388
1.51042   0.150146   1.52361
-2.49365   0.525033   1.05821
0.33436   -1.54813   -1.7614
2.16551   -2.06911   0.689389
-0.880607   -1.36718   1.49624
-0.285045   0.841682   -0.303815
